[2026-02-20T17:19:22+08:00] http://ftp.sra.ebi.ac.uk/vol1/fastq/DRR302/DRR302386/DRR302386_1.fastq.gz
2026-02-20 17:19:30 URL:http://ftp.sra.ebi.ac.uk/vol1/fastq/DRR302/DRR302386/DRR302386_1.fastq.gz [129479094/129479094] -> "validation_run_downstream/data/raw_data/DRR302386_1.fastq.gz" [1]
[2026-02-20T17:19:30+08:00] http://ftp.sra.ebi.ac.uk/vol1/fastq/DRR302/DRR302386/DRR302386_2.fastq.gz
2026-02-20 17:19:39 URL:http://ftp.sra.ebi.ac.uk/vol1/fastq/DRR302/DRR302386/DRR302386_2.fastq.gz [129771261/129771261] -> "validation_run_downstream/data/raw_data/DRR302386_2.fastq.gz" [1]
[2026-02-20T17:19:39+08:00] http://ftp.sra.ebi.ac.uk/vol1/fastq/DRR302/DRR302389/DRR302389_1.fastq.gz
2026-02-20 17:19:46 URL:http://ftp.sra.ebi.ac.uk/vol1/fastq/DRR302/DRR302389/DRR302389_1.fastq.gz [131147995/131147995] -> "validation_run_downstream/data/raw_data/DRR302389_1.fastq.gz" [1]
[2026-02-20T17:19:46+08:00] http://ftp.sra.ebi.ac.uk/vol1/fastq/DRR302/DRR302389/DRR302389_2.fastq.gz
2026-02-20 17:19:53 URL:http://ftp.sra.ebi.ac.uk/vol1/fastq/DRR302/DRR302389/DRR302389_2.fastq.gz [131336643/131336643] -> "validation_run_downstream/data/raw_data/DRR302389_2.fastq.gz" [1]
[2026-02-20T17:19:53+08:00] http://ftp.sra.ebi.ac.uk/vol1/fastq/DRR302/DRR302390/DRR302390_1.fastq.gz
2026-02-20 17:20:01 URL:http://ftp.sra.ebi.ac.uk/vol1/fastq/DRR302/DRR302390/DRR302390_1.fastq.gz [128674435/128674435] -> "validation_run_downstream/data/raw_data/DRR302390_1.fastq.gz" [1]
[2026-02-20T17:20:01+08:00] http://ftp.sra.ebi.ac.uk/vol1/fastq/DRR302/DRR302390/DRR302390_2.fastq.gz
2026-02-20 17:20:09 URL:http://ftp.sra.ebi.ac.uk/vol1/fastq/DRR302/DRR302390/DRR302390_2.fastq.gz [128847084/128847084] -> "validation_run_downstream/data/raw_data/DRR302390_2.fastq.gz" [1]
[2026-02-20T17:20:09+08:00] http://ftp.sra.ebi.ac.uk/vol1/fastq/DRR302/DRR302397/DRR302397_1.fastq.gz
2026-02-20 17:20:18 URL:http://ftp.sra.ebi.ac.uk/vol1/fastq/DRR302/DRR302397/DRR302397_1.fastq.gz [143908892/143908892] -> "validation_run_downstream/data/raw_data/DRR302397_1.fastq.gz" [1]
[2026-02-20T17:20:18+08:00] http://ftp.sra.ebi.ac.uk/vol1/fastq/DRR302/DRR302397/DRR302397_2.fastq.gz
2026-02-20 17:20:27 URL:http://ftp.sra.ebi.ac.uk/vol1/fastq/DRR302/DRR302397/DRR302397_2.fastq.gz [144142152/144142152] -> "validation_run_downstream/data/raw_data/DRR302397_2.fastq.gz" [1]
[2026-02-20T17:20:27+08:00] http://ftp.sra.ebi.ac.uk/vol1/fastq/DRR302/DRR302401/DRR302401_1.fastq.gz
2026-02-20 17:20:35 URL:http://ftp.sra.ebi.ac.uk/vol1/fastq/DRR302/DRR302401/DRR302401_1.fastq.gz [125824042/125824042] -> "validation_run_downstream/data/raw_data/DRR302401_1.fastq.gz" [1]
[2026-02-20T17:20:35+08:00] http://ftp.sra.ebi.ac.uk/vol1/fastq/DRR302/DRR302401/DRR302401_2.fastq.gz
2026-02-20 17:20:42 URL:http://ftp.sra.ebi.ac.uk/vol1/fastq/DRR302/DRR302401/DRR302401_2.fastq.gz [126802306/126802306] -> "validation_run_downstream/data/raw_data/DRR302401_2.fastq.gz" [1]
[2026-02-20T17:20:42+08:00] http://ftp.sra.ebi.ac.uk/vol1/fastq/DRR302/DRR302411/DRR302411_1.fastq.gz
2026-02-20 17:20:49 URL:http://ftp.sra.ebi.ac.uk/vol1/fastq/DRR302/DRR302411/DRR302411_1.fastq.gz [124473113/124473113] -> "validation_run_downstream/data/raw_data/DRR302411_1.fastq.gz" [1]
[2026-02-20T17:20:49+08:00] http://ftp.sra.ebi.ac.uk/vol1/fastq/DRR302/DRR302411/DRR302411_2.fastq.gz
2026-02-20 17:20:57 URL:http://ftp.sra.ebi.ac.uk/vol1/fastq/DRR302/DRR302411/DRR302411_2.fastq.gz [124667216/124667216] -> "validation_run_downstream/data/raw_data/DRR302411_2.fastq.gz" [1]
[2026-02-20T17:20:57+08:00] http://ftp.sra.ebi.ac.uk/vol1/fastq/DRR302/DRR302415/DRR302415_1.fastq.gz
2026-02-20 17:21:05 URL:http://ftp.sra.ebi.ac.uk/vol1/fastq/DRR302/DRR302415/DRR302415_1.fastq.gz [135860828/135860828] -> "validation_run_downstream/data/raw_data/DRR302415_1.fastq.gz" [1]
[2026-02-20T17:21:05+08:00] http://ftp.sra.ebi.ac.uk/vol1/fastq/DRR302/DRR302415/DRR302415_2.fastq.gz
2026-02-20 17:21:13 URL:http://ftp.sra.ebi.ac.uk/vol1/fastq/DRR302/DRR302415/DRR302415_2.fastq.gz [136098694/136098694] -> "validation_run_downstream/data/raw_data/DRR302415_2.fastq.gz" [1]
[2026-02-20T17:21:13+08:00] http://ftp.sra.ebi.ac.uk/vol1/fastq/DRR302/DRR302388/DRR302388_1.fastq.gz
2026-02-20 17:21:21 URL:http://ftp.sra.ebi.ac.uk/vol1/fastq/DRR302/DRR302388/DRR302388_1.fastq.gz [133525982/133525982] -> "validation_run_downstream/data/raw_data/DRR302388_1.fastq.gz" [1]
[2026-02-20T17:21:21+08:00] http://ftp.sra.ebi.ac.uk/vol1/fastq/DRR302/DRR302388/DRR302388_2.fastq.gz
2026-02-20 17:21:30 URL:http://ftp.sra.ebi.ac.uk/vol1/fastq/DRR302/DRR302388/DRR302388_2.fastq.gz [133712707/133712707] -> "validation_run_downstream/data/raw_data/DRR302388_2.fastq.gz" [1]
[2026-02-20T17:21:30+08:00] http://ftp.sra.ebi.ac.uk/vol1/fastq/DRR302/DRR302400/DRR302400_1.fastq.gz
2026-02-20 17:21:36 URL:http://ftp.sra.ebi.ac.uk/vol1/fastq/DRR302/DRR302400/DRR302400_1.fastq.gz [130933611/130933611] -> "validation_run_downstream/data/raw_data/DRR302400_1.fastq.gz" [1]
[2026-02-20T17:21:36+08:00] http://ftp.sra.ebi.ac.uk/vol1/fastq/DRR302/DRR302400/DRR302400_2.fastq.gz
2026-02-20 17:21:43 URL:http://ftp.sra.ebi.ac.uk/vol1/fastq/DRR302/DRR302400/DRR302400_2.fastq.gz [131133658/131133658] -> "validation_run_downstream/data/raw_data/DRR302400_2.fastq.gz" [1]
[2026-02-20T17:21:43+08:00] http://ftp.sra.ebi.ac.uk/vol1/fastq/DRR302/DRR302405/DRR302405_1.fastq.gz
2026-02-20 17:21:50 URL:http://ftp.sra.ebi.ac.uk/vol1/fastq/DRR302/DRR302405/DRR302405_1.fastq.gz [127827114/127827114] -> "validation_run_downstream/data/raw_data/DRR302405_1.fastq.gz" [1]
[2026-02-20T17:21:50+08:00] http://ftp.sra.ebi.ac.uk/vol1/fastq/DRR302/DRR302405/DRR302405_2.fastq.gz
2026-02-20 17:21:57 URL:http://ftp.sra.ebi.ac.uk/vol1/fastq/DRR302/DRR302405/DRR302405_2.fastq.gz [128931926/128931926] -> "validation_run_downstream/data/raw_data/DRR302405_2.fastq.gz" [1]
[2026-02-20T17:21:57+08:00] http://ftp.sra.ebi.ac.uk/vol1/fastq/DRR302/DRR302407/DRR302407_1.fastq.gz
2026-02-20 17:22:03 URL:http://ftp.sra.ebi.ac.uk/vol1/fastq/DRR302/DRR302407/DRR302407_1.fastq.gz [126743631/126743631] -> "validation_run_downstream/data/raw_data/DRR302407_1.fastq.gz" [1]
[2026-02-20T17:22:03+08:00] http://ftp.sra.ebi.ac.uk/vol1/fastq/DRR302/DRR302407/DRR302407_2.fastq.gz
2026-02-20 17:22:11 URL:http://ftp.sra.ebi.ac.uk/vol1/fastq/DRR302/DRR302407/DRR302407_2.fastq.gz [126959019/126959019] -> "validation_run_downstream/data/raw_data/DRR302407_2.fastq.gz" [1]
[2026-02-20T17:22:11+08:00] http://ftp.sra.ebi.ac.uk/vol1/fastq/DRR302/DRR302410/DRR302410_1.fastq.gz
2026-02-20 17:22:18 URL:http://ftp.sra.ebi.ac.uk/vol1/fastq/DRR302/DRR302410/DRR302410_1.fastq.gz [119593041/119593041] -> "validation_run_downstream/data/raw_data/DRR302410_1.fastq.gz" [1]
[2026-02-20T17:22:18+08:00] http://ftp.sra.ebi.ac.uk/vol1/fastq/DRR302/DRR302410/DRR302410_2.fastq.gz
2026-02-20 17:22:26 URL:http://ftp.sra.ebi.ac.uk/vol1/fastq/DRR302/DRR302410/DRR302410_2.fastq.gz [119792354/119792354] -> "validation_run_downstream/data/raw_data/DRR302410_2.fastq.gz" [1]
[2026-02-20T17:22:26+08:00] http://ftp.sra.ebi.ac.uk/vol1/fastq/DRR302/DRR302412/DRR302412_1.fastq.gz
2026-02-20 17:22:33 URL:http://ftp.sra.ebi.ac.uk/vol1/fastq/DRR302/DRR302412/DRR302412_1.fastq.gz [120198600/120198600] -> "validation_run_downstream/data/raw_data/DRR302412_1.fastq.gz" [1]
[2026-02-20T17:22:33+08:00] http://ftp.sra.ebi.ac.uk/vol1/fastq/DRR302/DRR302412/DRR302412_2.fastq.gz
2026-02-20 17:22:40 URL:http://ftp.sra.ebi.ac.uk/vol1/fastq/DRR302/DRR302412/DRR302412_2.fastq.gz [120393526/120393526] -> "validation_run_downstream/data/raw_data/DRR302412_2.fastq.gz" [1]
[2026-02-20T17:22:40+08:00] http://ftp.sra.ebi.ac.uk/vol1/fastq/DRR302/DRR302413/DRR302413_1.fastq.gz
2026-02-20 17:22:46 URL:http://ftp.sra.ebi.ac.uk/vol1/fastq/DRR302/DRR302413/DRR302413_1.fastq.gz [113735650/113735650] -> "validation_run_downstream/data/raw_data/DRR302413_1.fastq.gz" [1]
[2026-02-20T17:22:46+08:00] http://ftp.sra.ebi.ac.uk/vol1/fastq/DRR302/DRR302413/DRR302413_2.fastq.gz
2026-02-20 17:23:11 URL:http://ftp.sra.ebi.ac.uk/vol1/fastq/DRR302/DRR302413/DRR302413_2.fastq.gz [113937580/113937580] -> "validation_run_downstream/data/raw_data/DRR302413_2.fastq.gz" [1]
[2026-02-20T17:23:11+08:00] http://ftp.sra.ebi.ac.uk/vol1/fastq/DRR302/DRR302414/DRR302414_1.fastq.gz
2026-02-20 17:23:19 URL:http://ftp.sra.ebi.ac.uk/vol1/fastq/DRR302/DRR302414/DRR302414_1.fastq.gz [132245478/132245478] -> "validation_run_downstream/data/raw_data/DRR302414_1.fastq.gz" [1]
[2026-02-20T17:23:19+08:00] http://ftp.sra.ebi.ac.uk/vol1/fastq/DRR302/DRR302414/DRR302414_2.fastq.gz
2026-02-20 17:23:26 URL:http://ftp.sra.ebi.ac.uk/vol1/fastq/DRR302/DRR302414/DRR302414_2.fastq.gz [132463202/132463202] -> "validation_run_downstream/data/raw_data/DRR302414_2.fastq.gz" [1]
[2026-02-20T17:23:26+08:00] http://ftp.sra.ebi.ac.uk/vol1/fastq/DRR302/DRR302416/DRR302416_1.fastq.gz
2026-02-20 17:23:34 URL:http://ftp.sra.ebi.ac.uk/vol1/fastq/DRR302/DRR302416/DRR302416_1.fastq.gz [134868488/134868488] -> "validation_run_downstream/data/raw_data/DRR302416_1.fastq.gz" [1]
[2026-02-20T17:23:34+08:00] http://ftp.sra.ebi.ac.uk/vol1/fastq/DRR302/DRR302416/DRR302416_2.fastq.gz
2026-02-20 17:23:41 URL:http://ftp.sra.ebi.ac.uk/vol1/fastq/DRR302/DRR302416/DRR302416_2.fastq.gz [135094408/135094408] -> "validation_run_downstream/data/raw_data/DRR302416_2.fastq.gz" [1]
[2026-02-20T17:23:41+08:00] http://ftp.sra.ebi.ac.uk/vol1/fastq/DRR302/DRR302417/DRR302417_1.fastq.gz
2026-02-20 17:23:49 URL:http://ftp.sra.ebi.ac.uk/vol1/fastq/DRR302/DRR302417/DRR302417_1.fastq.gz [129567405/129567405] -> "validation_run_downstream/data/raw_data/DRR302417_1.fastq.gz" [1]
[2026-02-20T17:23:49+08:00] http://ftp.sra.ebi.ac.uk/vol1/fastq/DRR302/DRR302417/DRR302417_2.fastq.gz
2026-02-20 17:23:56 URL:http://ftp.sra.ebi.ac.uk/vol1/fastq/DRR302/DRR302417/DRR302417_2.fastq.gz [129794996/129794996] -> "validation_run_downstream/data/raw_data/DRR302417_2.fastq.gz" [1]
[2026-02-20T17:23:56+08:00] http://ftp.sra.ebi.ac.uk/vol1/fastq/DRR302/DRR302420/DRR302420_1.fastq.gz
2026-02-20 17:24:04 URL:http://ftp.sra.ebi.ac.uk/vol1/fastq/DRR302/DRR302420/DRR302420_1.fastq.gz [129626331/129626331] -> "validation_run_downstream/data/raw_data/DRR302420_1.fastq.gz" [1]
[2026-02-20T17:24:04+08:00] http://ftp.sra.ebi.ac.uk/vol1/fastq/DRR302/DRR302420/DRR302420_2.fastq.gz
2026-02-20 17:24:11 URL:http://ftp.sra.ebi.ac.uk/vol1/fastq/DRR302/DRR302420/DRR302420_2.fastq.gz [129826792/129826792] -> "validation_run_downstream/data/raw_data/DRR302420_2.fastq.gz" [1]
[2026-02-20T17:24:11+08:00] http://ftp.sra.ebi.ac.uk/vol1/fastq/DRR302/DRR302385/DRR302385_1.fastq.gz
2026-02-20 17:24:20 URL:http://ftp.sra.ebi.ac.uk/vol1/fastq/DRR302/DRR302385/DRR302385_1.fastq.gz [147656903/147656903] -> "validation_run_downstream/data/raw_data/DRR302385_1.fastq.gz" [1]
[2026-02-20T17:24:20+08:00] http://ftp.sra.ebi.ac.uk/vol1/fastq/DRR302/DRR302385/DRR302385_2.fastq.gz
2026-02-20 17:24:28 URL:http://ftp.sra.ebi.ac.uk/vol1/fastq/DRR302/DRR302385/DRR302385_2.fastq.gz [147902401/147902401] -> "validation_run_downstream/data/raw_data/DRR302385_2.fastq.gz" [1]
[2026-02-20T17:24:28+08:00] http://ftp.sra.ebi.ac.uk/vol1/fastq/DRR302/DRR302387/DRR302387_1.fastq.gz
2026-02-20 17:24:34 URL:http://ftp.sra.ebi.ac.uk/vol1/fastq/DRR302/DRR302387/DRR302387_1.fastq.gz [143418441/143418441] -> "validation_run_downstream/data/raw_data/DRR302387_1.fastq.gz" [1]
[2026-02-20T17:24:34+08:00] http://ftp.sra.ebi.ac.uk/vol1/fastq/DRR302/DRR302387/DRR302387_2.fastq.gz
2026-02-20 17:24:42 URL:http://ftp.sra.ebi.ac.uk/vol1/fastq/DRR302/DRR302387/DRR302387_2.fastq.gz [143741090/143741090] -> "validation_run_downstream/data/raw_data/DRR302387_2.fastq.gz" [1]
[2026-02-20T17:24:42+08:00] http://ftp.sra.ebi.ac.uk/vol1/fastq/DRR302/DRR302391/DRR302391_1.fastq.gz
2026-02-20 17:24:50 URL:http://ftp.sra.ebi.ac.uk/vol1/fastq/DRR302/DRR302391/DRR302391_1.fastq.gz [157196863/157196863] -> "validation_run_downstream/data/raw_data/DRR302391_1.fastq.gz" [1]
[2026-02-20T17:24:50+08:00] http://ftp.sra.ebi.ac.uk/vol1/fastq/DRR302/DRR302391/DRR302391_2.fastq.gz
2026-02-20 17:24:59 URL:http://ftp.sra.ebi.ac.uk/vol1/fastq/DRR302/DRR302391/DRR302391_2.fastq.gz [157423593/157423593] -> "validation_run_downstream/data/raw_data/DRR302391_2.fastq.gz" [1]
[2026-02-20T17:24:59+08:00] http://ftp.sra.ebi.ac.uk/vol1/fastq/DRR302/DRR302392/DRR302392_1.fastq.gz
2026-02-20 17:25:07 URL:http://ftp.sra.ebi.ac.uk/vol1/fastq/DRR302/DRR302392/DRR302392_1.fastq.gz [138028350/138028350] -> "validation_run_downstream/data/raw_data/DRR302392_1.fastq.gz" [1]
[2026-02-20T17:25:07+08:00] http://ftp.sra.ebi.ac.uk/vol1/fastq/DRR302/DRR302392/DRR302392_2.fastq.gz
2026-02-20 17:25:19 URL:http://ftp.sra.ebi.ac.uk/vol1/fastq/DRR302/DRR302392/DRR302392_2.fastq.gz [138244562/138244562] -> "validation_run_downstream/data/raw_data/DRR302392_2.fastq.gz" [1]
[2026-02-20T17:25:19+08:00] http://ftp.sra.ebi.ac.uk/vol1/fastq/DRR302/DRR302393/DRR302393_1.fastq.gz
2026-02-20 17:25:27 URL:http://ftp.sra.ebi.ac.uk/vol1/fastq/DRR302/DRR302393/DRR302393_1.fastq.gz [143099638/143099638] -> "validation_run_downstream/data/raw_data/DRR302393_1.fastq.gz" [1]
[2026-02-20T17:25:27+08:00] http://ftp.sra.ebi.ac.uk/vol1/fastq/DRR302/DRR302393/DRR302393_2.fastq.gz
2026-02-20 17:25:35 URL:http://ftp.sra.ebi.ac.uk/vol1/fastq/DRR302/DRR302393/DRR302393_2.fastq.gz [143490829/143490829] -> "validation_run_downstream/data/raw_data/DRR302393_2.fastq.gz" [1]
[2026-02-20T17:25:35+08:00] http://ftp.sra.ebi.ac.uk/vol1/fastq/DRR302/DRR302394/DRR302394_1.fastq.gz
2026-02-20 17:25:43 URL:http://ftp.sra.ebi.ac.uk/vol1/fastq/DRR302/DRR302394/DRR302394_1.fastq.gz [133475200/133475200] -> "validation_run_downstream/data/raw_data/DRR302394_1.fastq.gz" [1]
[2026-02-20T17:25:43+08:00] http://ftp.sra.ebi.ac.uk/vol1/fastq/DRR302/DRR302394/DRR302394_2.fastq.gz
2026-02-20 17:25:51 URL:http://ftp.sra.ebi.ac.uk/vol1/fastq/DRR302/DRR302394/DRR302394_2.fastq.gz [133685272/133685272] -> "validation_run_downstream/data/raw_data/DRR302394_2.fastq.gz" [1]
[2026-02-20T17:25:51+08:00] http://ftp.sra.ebi.ac.uk/vol1/fastq/DRR302/DRR302395/DRR302395_1.fastq.gz
http://ftp.sra.ebi.ac.uk/vol1/fastq/DRR302/DRR302395/DRR302395_1.fastq.gz:
2026-02-20 17:25:56 ERROR 502: Bad Gateway.
retry 1 failed: http://ftp.sra.ebi.ac.uk/vol1/fastq/DRR302/DRR302395/DRR302395_1.fastq.gz
2026-02-20 17:26:06 URL:http://ftp.sra.ebi.ac.uk/vol1/fastq/DRR302/DRR302395/DRR302395_1.fastq.gz [143302926/143302926] -> "validation_run_downstream/data/raw_data/DRR302395_1.fastq.gz" [1]
[2026-02-20T17:26:06+08:00] http://ftp.sra.ebi.ac.uk/vol1/fastq/DRR302/DRR302395/DRR302395_2.fastq.gz
2026-02-20 17:26:13 URL:http://ftp.sra.ebi.ac.uk/vol1/fastq/DRR302/DRR302395/DRR302395_2.fastq.gz [143541775/143541775] -> "validation_run_downstream/data/raw_data/DRR302395_2.fastq.gz" [1]
[2026-02-20T17:26:13+08:00] http://ftp.sra.ebi.ac.uk/vol1/fastq/DRR302/DRR302396/DRR302396_1.fastq.gz
2026-02-20 17:26:21 URL:http://ftp.sra.ebi.ac.uk/vol1/fastq/DRR302/DRR302396/DRR302396_1.fastq.gz [134997490/134997490] -> "validation_run_downstream/data/raw_data/DRR302396_1.fastq.gz" [1]
[2026-02-20T17:26:21+08:00] http://ftp.sra.ebi.ac.uk/vol1/fastq/DRR302/DRR302396/DRR302396_2.fastq.gz
http://ftp.sra.ebi.ac.uk/vol1/fastq/DRR302/DRR302396/DRR302396_2.fastq.gz:
2026-02-20 17:26:26 ERROR 502: Bad Gateway.
retry 1 failed: http://ftp.sra.ebi.ac.uk/vol1/fastq/DRR302/DRR302396/DRR302396_2.fastq.gz
2026-02-20 17:26:35 URL:http://ftp.sra.ebi.ac.uk/vol1/fastq/DRR302/DRR302396/DRR302396_2.fastq.gz [135217343/135217343] -> "validation_run_downstream/data/raw_data/DRR302396_2.fastq.gz" [1]
[2026-02-20T17:26:35+08:00] http://ftp.sra.ebi.ac.uk/vol1/fastq/DRR302/DRR302398/DRR302398_1.fastq.gz
2026-02-20 17:26:42 URL:http://ftp.sra.ebi.ac.uk/vol1/fastq/DRR302/DRR302398/DRR302398_1.fastq.gz [153246004/153246004] -> "validation_run_downstream/data/raw_data/DRR302398_1.fastq.gz" [1]
[2026-02-20T17:26:43+08:00] http://ftp.sra.ebi.ac.uk/vol1/fastq/DRR302/DRR302398/DRR302398_2.fastq.gz
2026-02-20 17:26:50 URL:http://ftp.sra.ebi.ac.uk/vol1/fastq/DRR302/DRR302398/DRR302398_2.fastq.gz [153889419/153889419] -> "validation_run_downstream/data/raw_data/DRR302398_2.fastq.gz" [1]
[2026-02-20T17:26:50+08:00] http://ftp.sra.ebi.ac.uk/vol1/fastq/DRR302/DRR302399/DRR302399_1.fastq.gz
2026-02-20 17:26:58 URL:http://ftp.sra.ebi.ac.uk/vol1/fastq/DRR302/DRR302399/DRR302399_1.fastq.gz [153957545/153957545] -> "validation_run_downstream/data/raw_data/DRR302399_1.fastq.gz" [1]
[2026-02-20T17:26:58+08:00] http://ftp.sra.ebi.ac.uk/vol1/fastq/DRR302/DRR302399/DRR302399_2.fastq.gz
2026-02-20 17:27:07 URL:http://ftp.sra.ebi.ac.uk/vol1/fastq/DRR302/DRR302399/DRR302399_2.fastq.gz [154205820/154205820] -> "validation_run_downstream/data/raw_data/DRR302399_2.fastq.gz" [1]
[2026-02-20T17:27:07+08:00] http://ftp.sra.ebi.ac.uk/vol1/fastq/DRR302/DRR302402/DRR302402_1.fastq.gz
2026-02-20 17:27:15 URL:http://ftp.sra.ebi.ac.uk/vol1/fastq/DRR302/DRR302402/DRR302402_1.fastq.gz [128204823/128204823] -> "validation_run_downstream/data/raw_data/DRR302402_1.fastq.gz" [1]
[2026-02-20T17:27:15+08:00] http://ftp.sra.ebi.ac.uk/vol1/fastq/DRR302/DRR302402/DRR302402_2.fastq.gz
2026-02-20 17:27:22 URL:http://ftp.sra.ebi.ac.uk/vol1/fastq/DRR302/DRR302402/DRR302402_2.fastq.gz [128399460/128399460] -> "validation_run_downstream/data/raw_data/DRR302402_2.fastq.gz" [1]
[2026-02-20T17:27:22+08:00] http://ftp.sra.ebi.ac.uk/vol1/fastq/DRR302/DRR302403/DRR302403_1.fastq.gz
2026-02-20 17:27:31 URL:http://ftp.sra.ebi.ac.uk/vol1/fastq/DRR302/DRR302403/DRR302403_1.fastq.gz [141062393/141062393] -> "validation_run_downstream/data/raw_data/DRR302403_1.fastq.gz" [1]
[2026-02-20T17:27:32+08:00] http://ftp.sra.ebi.ac.uk/vol1/fastq/DRR302/DRR302403/DRR302403_2.fastq.gz
2026-02-20 17:27:39 URL:http://ftp.sra.ebi.ac.uk/vol1/fastq/DRR302/DRR302403/DRR302403_2.fastq.gz [141340894/141340894] -> "validation_run_downstream/data/raw_data/DRR302403_2.fastq.gz" [1]
[2026-02-20T17:27:39+08:00] http://ftp.sra.ebi.ac.uk/vol1/fastq/DRR302/DRR302404/DRR302404_1.fastq.gz
2026-02-20 17:27:47 URL:http://ftp.sra.ebi.ac.uk/vol1/fastq/DRR302/DRR302404/DRR302404_1.fastq.gz [131997266/131997266] -> "validation_run_downstream/data/raw_data/DRR302404_1.fastq.gz" [1]
[2026-02-20T17:27:47+08:00] http://ftp.sra.ebi.ac.uk/vol1/fastq/DRR302/DRR302404/DRR302404_2.fastq.gz
2026-02-20 17:27:55 URL:http://ftp.sra.ebi.ac.uk/vol1/fastq/DRR302/DRR302404/DRR302404_2.fastq.gz [132272694/132272694] -> "validation_run_downstream/data/raw_data/DRR302404_2.fastq.gz" [1]
[2026-02-20T17:27:55+08:00] http://ftp.sra.ebi.ac.uk/vol1/fastq/DRR302/DRR302406/DRR302406_1.fastq.gz
2026-02-20 17:28:02 URL:http://ftp.sra.ebi.ac.uk/vol1/fastq/DRR302/DRR302406/DRR302406_1.fastq.gz [131540272/131540272] -> "validation_run_downstream/data/raw_data/DRR302406_1.fastq.gz" [1]
[2026-02-20T17:28:02+08:00] http://ftp.sra.ebi.ac.uk/vol1/fastq/DRR302/DRR302406/DRR302406_2.fastq.gz
2026-02-20 17:28:10 URL:http://ftp.sra.ebi.ac.uk/vol1/fastq/DRR302/DRR302406/DRR302406_2.fastq.gz [131791526/131791526] -> "validation_run_downstream/data/raw_data/DRR302406_2.fastq.gz" [1]
[2026-02-20T17:28:10+08:00] http://ftp.sra.ebi.ac.uk/vol1/fastq/DRR302/DRR302408/DRR302408_1.fastq.gz
2026-02-20 17:28:18 URL:http://ftp.sra.ebi.ac.uk/vol1/fastq/DRR302/DRR302408/DRR302408_1.fastq.gz [126100419/126100419] -> "validation_run_downstream/data/raw_data/DRR302408_1.fastq.gz" [1]
[2026-02-20T17:28:18+08:00] http://ftp.sra.ebi.ac.uk/vol1/fastq/DRR302/DRR302408/DRR302408_2.fastq.gz
2026-02-20 17:28:25 URL:http://ftp.sra.ebi.ac.uk/vol1/fastq/DRR302/DRR302408/DRR302408_2.fastq.gz [126314229/126314229] -> "validation_run_downstream/data/raw_data/DRR302408_2.fastq.gz" [1]
[2026-02-20T17:28:25+08:00] http://ftp.sra.ebi.ac.uk/vol1/fastq/DRR302/DRR302409/DRR302409_1.fastq.gz
2026-02-20 17:28:32 URL:http://ftp.sra.ebi.ac.uk/vol1/fastq/DRR302/DRR302409/DRR302409_1.fastq.gz [123619187/123619187] -> "validation_run_downstream/data/raw_data/DRR302409_1.fastq.gz" [1]
[2026-02-20T17:28:32+08:00] http://ftp.sra.ebi.ac.uk/vol1/fastq/DRR302/DRR302409/DRR302409_2.fastq.gz
http://ftp.sra.ebi.ac.uk/vol1/fastq/DRR302/DRR302409/DRR302409_2.fastq.gz:
2026-02-20 17:28:37 ERROR 502: Bad Gateway.
retry 1 failed: http://ftp.sra.ebi.ac.uk/vol1/fastq/DRR302/DRR302409/DRR302409_2.fastq.gz
2026-02-20 17:28:46 URL:http://ftp.sra.ebi.ac.uk/vol1/fastq/DRR302/DRR302409/DRR302409_2.fastq.gz [123791014/123791014] -> "validation_run_downstream/data/raw_data/DRR302409_2.fastq.gz" [1]
[2026-02-20T17:28:46+08:00] http://ftp.sra.ebi.ac.uk/vol1/fastq/DRR302/DRR302418/DRR302418_1.fastq.gz
2026-02-20 17:28:53 URL:http://ftp.sra.ebi.ac.uk/vol1/fastq/DRR302/DRR302418/DRR302418_1.fastq.gz [125303606/125303606] -> "validation_run_downstream/data/raw_data/DRR302418_1.fastq.gz" [1]
[2026-02-20T17:28:53+08:00] http://ftp.sra.ebi.ac.uk/vol1/fastq/DRR302/DRR302418/DRR302418_2.fastq.gz
2026-02-20 17:29:00 URL:http://ftp.sra.ebi.ac.uk/vol1/fastq/DRR302/DRR302418/DRR302418_2.fastq.gz [125510671/125510671] -> "validation_run_downstream/data/raw_data/DRR302418_2.fastq.gz" [1]
[2026-02-20T17:29:00+08:00] http://ftp.sra.ebi.ac.uk/vol1/fastq/DRR302/DRR302419/DRR302419_1.fastq.gz
2026-02-20 17:29:07 URL:http://ftp.sra.ebi.ac.uk/vol1/fastq/DRR302/DRR302419/DRR302419_1.fastq.gz [132953970/132953970] -> "validation_run_downstream/data/raw_data/DRR302419_1.fastq.gz" [1]
[2026-02-20T17:29:07+08:00] http://ftp.sra.ebi.ac.uk/vol1/fastq/DRR302/DRR302419/DRR302419_2.fastq.gz
2026-02-20 17:29:14 URL:http://ftp.sra.ebi.ac.uk/vol1/fastq/DRR302/DRR302419/DRR302419_2.fastq.gz [133178181/133178181] -> "validation_run_downstream/data/raw_data/DRR302419_2.fastq.gz" [1]
