Version Info Exception: server did not respond before timeout
### salmon (selective-alignment-based) v1.10.2
### [ program ] => salmon 
### [ command ] => quant 
### [ index ] => { validation_run_downstream/data/reference/salmon_index }
### [ libType ] => { A }
### [ mates1 ] => { validation_run_downstream/data/raw_data/DRR302387_1.fastq.gz }
### [ mates2 ] => { validation_run_downstream/data/raw_data/DRR302387_2.fastq.gz }
### [ validateMappings ] => { }
### [ gcBias ] => { }
### [ seqBias ] => { }
### [ threads ] => { 8 }
### [ output ] => { validation_run_downstream/data/quant/DRR302387 }
Logs will be written to validation_run_downstream/data/quant/DRR302387/logs
[2026-02-20 17:41:26.546] [jointLog] [info] setting maxHashResizeThreads to 8
[2026-02-20 17:41:26.546] [jointLog] [info] Fragment incompatibility prior below threshold.  Incompatible fragments will be ignored.
[2026-02-20 17:41:26.546] [jointLog] [info] Usage of --validateMappings implies use of minScoreFraction. Since not explicitly specified, it is being set to 0.65
[2026-02-20 17:41:26.546] [jointLog] [info] Setting consensusSlack to selective-alignment default of 0.35.
[2026-02-20 17:41:26.546] [jointLog] [info] parsing read library format
[2026-02-20 17:41:26.546] [jointLog] [info] There is 1 library.
[2026-02-20 17:41:26.546] [jointLog] [info] Loading pufferfish index
[2026-02-20 17:41:26.546] [jointLog] [info] Loading dense pufferfish index.
-----------------------------------------
| Loading contig table | Time = 21.537 ms
-----------------------------------------
size = 170191
-----------------------------------------
| Loading contig offsets | Time = 485.28 us
-----------------------------------------
-----------------------------------------
| Loading reference lengths | Time = 160.67 us
-----------------------------------------
-----------------------------------------
| Loading mphf table | Time = 20.783 ms
-----------------------------------------
size = 50672897
Number of ones: 170190
Number of ones per inventory item: 512
Inventory entries filled: 333
-----------------------------------------
| Loading contig boundaries | Time = 66.681 ms
-----------------------------------------
size = 50672897
-----------------------------------------
| Loading sequence | Time = 14.064 ms
-----------------------------------------
size = 45567197
-----------------------------------------
| Loading positions | Time = 163.98 ms
-----------------------------------------
size = 86358571
-----------------------------------------
| Loading reference sequence | Time = 23.514 ms
-----------------------------------------
-----------------------------------------
| Loading reference accumulative lengths | Time = 318.28 us
-----------------------------------------
[2026-02-20 17:41:26.858] [jointLog] [info] done
[2026-02-20 17:41:26.945] [jointLog] [info] Index contained 48,268 targets




[2026-02-20 17:41:27.525] [jointLog] [info] Number of decoys : 0
[2026-02-20 17:41:27.676] [jointLog] [info] Automatically detected most likely library type as ISR

[A[32mprocessed[31m 500,000 [32mfragments[0m
hits: 964,020, hits per frag:  2.00573[A[32mprocessed[31m 1,000,000 [32mfragments[0m
hits: 1,926,243, hits per frag:  2.00338[A[32mprocessed[31m 1,500,001 [32mfragments[0m
hits: 2,887,911, hits per frag:  1.94573[A[32mprocessed[31m 2,000,001 [32mfragments[0m
hits: 3,845,474, hits per frag:  1.95258[A[32mprocessed[31m 2,500,000 [32mfragments[0m
hits: 4,805,851, hits per frag:  1.93601[A[32mprocessed[31m 3,000,001 [32mfragments[0m
hits: 5,762,402, hits per frag:  1.94086[A[32mprocessed[31m 3,500,000 [32mfragments[0m
hits: 6,722,854, hits per frag:  1.93152[A[32mprocessed[31m 4,000,000 [32mfragments[0m
hits: 7,680,797, hits per frag:  1.9354[A[32mprocessed[31m 4,500,013 [32mfragments[0m
hits: 8,639,220, hits per frag:  1.9362[A[32mprocessed[31m 5,000,005 [32mfragments[0m
hits: 9,597,613, hits per frag:  1.92631[2026-02-20 17:41:35.073] [jointLog] [info] Thread saw mini-batch with a maximum of 2.52% zero probability fragments
[2026-02-20 17:41:35.073] [jointLog] [info] Thread saw mini-batch with a maximum of 2.40% zero probability fragments
[2026-02-20 17:41:35.078] [jointLog] [info] Thread saw mini-batch with a maximum of 2.24% zero probability fragments
[2026-02-20 17:41:35.079] [jointLog] [info] Thread saw mini-batch with a maximum of 2.34% zero probability fragments
[2026-02-20 17:41:35.080] [jointLog] [info] Thread saw mini-batch with a maximum of 2.28% zero probability fragments
[2026-02-20 17:41:35.083] [jointLog] [info] Thread saw mini-batch with a maximum of 2.28% zero probability fragments
[2026-02-20 17:41:35.086] [jointLog] [info] Thread saw mini-batch with a maximum of 2.20% zero probability fragments
[2026-02-20 17:41:35.095] [jointLog] [info] Thread saw mini-batch with a maximum of 2.14% zero probability fragments




[2026-02-20 17:41:35.236] [jointLog] [info] Computed 159,230 rich equivalence classes for further processing
[2026-02-20 17:41:35.236] [jointLog] [info] Counted 4,934,420 total reads in the equivalence classes 




[2026-02-20 17:41:35.254] [jointLog] [info] Number of mappings discarded because of alignment score : 129,745
[2026-02-20 17:41:35.254] [jointLog] [info] Number of fragments entirely discarded because of alignment score : 22,641
[2026-02-20 17:41:35.254] [jointLog] [info] Number of fragments discarded because they are best-mapped to decoys : 0
[2026-02-20 17:41:35.254] [jointLog] [info] Number of fragments discarded because they have only dovetail (discordant) mappings to valid targets : 15,156
[2026-02-20 17:41:35.256] [jointLog] [warning] Only 4934420 fragments were mapped, but the number of burn-in fragments was set to 5000000.
The effective lengths have been computed using the observed mappings.

[2026-02-20 17:41:35.256] [jointLog] [info] Mapping rate = 95.4363%

[2026-02-20 17:41:35.257] [jointLog] [info] finished quantifyLibrary()
[2026-02-20 17:41:35.257] [jointLog] [info] Starting optimizer
[2026-02-20 17:41:36.504] [jointLog] [info] Marked 0 weighted equivalence classes as degenerate
[2026-02-20 17:41:36.509] [jointLog] [info] iteration = 0 | max rel diff. = 7547.07
[2026-02-20 17:41:36.564] [jointLog] [info] iteration 11, adjusting effective lengths to account for biases
[2026-02-20 17:41:52.499] [jointLog] [info] Computed expected counts (for bias correction)
[2026-02-20 17:41:52.499] [jointLog] [info] processed bias for 0.0% of the transcripts
[2026-02-20 17:41:53.305] [jointLog] [info] processed bias for 10.0% of the transcripts
[2026-02-20 17:41:54.051] [jointLog] [info] processed bias for 20.0% of the transcripts
[2026-02-20 17:41:54.858] [jointLog] [info] processed bias for 30.0% of the transcripts
[2026-02-20 17:41:55.634] [jointLog] [info] processed bias for 40.0% of the transcripts
[2026-02-20 17:41:56.407] [jointLog] [info] processed bias for 50.0% of the transcripts
[2026-02-20 17:41:57.196] [jointLog] [info] processed bias for 60.0% of the transcripts
[2026-02-20 17:41:58.005] [jointLog] [info] processed bias for 70.0% of the transcripts
[2026-02-20 17:41:58.758] [jointLog] [info] processed bias for 80.0% of the transcripts
[2026-02-20 17:41:59.545] [jointLog] [info] processed bias for 90.0% of the transcripts
[2026-02-20 17:42:00.307] [jointLog] [info] processed bias for 100.0% of the transcripts
[2026-02-20 17:42:00.319] [jointLog] [info] processed bias for 100.0% of the transcripts
[2026-02-20 17:42:00.798] [jointLog] [info] iteration = 100 | max rel diff. = 20.6485
[2026-02-20 17:42:01.330] [jointLog] [info] iteration = 200 | max rel diff. = 15.5019
[2026-02-20 17:42:01.856] [jointLog] [info] iteration = 300 | max rel diff. = 6.25169
[2026-02-20 17:42:02.382] [jointLog] [info] iteration = 400 | max rel diff. = 3.08568
[2026-02-20 17:42:02.909] [jointLog] [info] iteration = 500 | max rel diff. = 2.99841
[2026-02-20 17:42:03.433] [jointLog] [info] iteration = 600 | max rel diff. = 0.0595108
[2026-02-20 17:42:03.960] [jointLog] [info] iteration = 700 | max rel diff. = 0.237694
[2026-02-20 17:42:04.484] [jointLog] [info] iteration = 800 | max rel diff. = 0.0296874
[2026-02-20 17:42:05.009] [jointLog] [info] iteration = 900 | max rel diff. = 0.325945
[2026-02-20 17:42:05.139] [jointLog] [info] iteration = 926 | max rel diff. = 0.00994264
[2026-02-20 17:42:05.140] [jointLog] [info] Finished optimizer
[2026-02-20 17:42:05.140] [jointLog] [info] writing output 

