Version Info Exception: server did not respond before timeout
### salmon (selective-alignment-based) v1.10.2
### [ program ] => salmon 
### [ command ] => quant 
### [ index ] => { validation_run_downstream/data/reference/salmon_index }
### [ libType ] => { A }
### [ mates1 ] => { validation_run_downstream/data/raw_data/DRR302417_1.fastq.gz }
### [ mates2 ] => { validation_run_downstream/data/raw_data/DRR302417_2.fastq.gz }
### [ validateMappings ] => { }
### [ gcBias ] => { }
### [ seqBias ] => { }
### [ threads ] => { 8 }
### [ output ] => { validation_run_downstream/data/quant/DRR302417 }
Logs will be written to validation_run_downstream/data/quant/DRR302417/logs
[2026-02-20 17:39:35.130] [jointLog] [info] setting maxHashResizeThreads to 8
[2026-02-20 17:39:35.130] [jointLog] [info] Fragment incompatibility prior below threshold.  Incompatible fragments will be ignored.
[2026-02-20 17:39:35.130] [jointLog] [info] Usage of --validateMappings implies use of minScoreFraction. Since not explicitly specified, it is being set to 0.65
[2026-02-20 17:39:35.130] [jointLog] [info] Setting consensusSlack to selective-alignment default of 0.35.
[2026-02-20 17:39:35.130] [jointLog] [info] parsing read library format
[2026-02-20 17:39:35.130] [jointLog] [info] There is 1 library.
[2026-02-20 17:39:35.130] [jointLog] [info] Loading pufferfish index
[2026-02-20 17:39:35.130] [jointLog] [info] Loading dense pufferfish index.
-----------------------------------------
| Loading contig table | Time = 21.529 ms
-----------------------------------------
size = 170191
-----------------------------------------
| Loading contig offsets | Time = 532.86 us
-----------------------------------------
-----------------------------------------
| Loading reference lengths | Time = 151.56 us
-----------------------------------------
-----------------------------------------
| Loading mphf table | Time = 21.128 ms
-----------------------------------------
size = 50672897
Number of ones: 170190
Number of ones per inventory item: 512
Inventory entries filled: 333
-----------------------------------------
| Loading contig boundaries | Time = 66.073 ms
-----------------------------------------
size = 50672897
-----------------------------------------
| Loading sequence | Time = 14.023 ms
-----------------------------------------
size = 45567197
-----------------------------------------
| Loading positions | Time = 162.89 ms
-----------------------------------------
size = 86358571
-----------------------------------------
| Loading reference sequence | Time = 23.44 ms
-----------------------------------------
-----------------------------------------
| Loading reference accumulative lengths | Time = 306.77 us
-----------------------------------------
[2026-02-20 17:39:35.441] [jointLog] [info] done
[2026-02-20 17:39:35.527] [jointLog] [info] Index contained 48,268 targets




[2026-02-20 17:39:36.106] [jointLog] [info] Number of decoys : 0
[2026-02-20 17:39:36.257] [jointLog] [info] Automatically detected most likely library type as ISR

[A[32mprocessed[31m 500,001 [32mfragments[0m
hits: 944,170, hits per frag:  2.01408[A[32mprocessed[31m 1,000,000 [32mfragments[0m
hits: 1,889,841, hits per frag:  1.91718[A[32mprocessed[31m 1,500,004 [32mfragments[0m
hits: 2,832,411, hits per frag:  1.92421[A[32mprocessed[31m 2,000,003 [32mfragments[0m
hits: 3,776,271, hits per frag:  1.9028[A[32mprocessed[31m 2,500,000 [32mfragments[0m
hits: 4,718,712, hits per frag:  1.89789[A[32mprocessed[31m 3,000,004 [32mfragments[0m
hits: 5,662,176, hits per frag:  1.90314[A[32mprocessed[31m 3,500,002 [32mfragments[0m
hits: 6,606,493, hits per frag:  1.9085[A[32mprocessed[31m 4,000,000 [32mfragments[0m
hits: 7,549,515, hits per frag:  1.9063[A[32mprocessed[31m 4,500,005 [32mfragments[0m
hits: 8,493,694, hits per frag:  1.90252







[2026-02-20 17:39:42.932] [jointLog] [info] Thread saw mini-batch with a maximum of 1.34% zero probability fragments
[2026-02-20 17:39:42.933] [jointLog] [info] Thread saw mini-batch with a maximum of 1.28% zero probability fragments
[2026-02-20 17:39:42.940] [jointLog] [info] Thread saw mini-batch with a maximum of 1.28% zero probability fragments
[2026-02-20 17:39:42.961] [jointLog] [info] Thread saw mini-batch with a maximum of 1.34% zero probability fragments
[2026-02-20 17:39:42.972] [jointLog] [info] Thread saw mini-batch with a maximum of 1.42% zero probability fragments
[2026-02-20 17:39:42.973] [jointLog] [info] Thread saw mini-batch with a maximum of 1.26% zero probability fragments
[2026-02-20 17:39:42.980] [jointLog] [info] Thread saw mini-batch with a maximum of 1.28% zero probability fragments
[2026-02-20 17:39:42.981] [jointLog] [info] Thread saw mini-batch with a maximum of 1.36% zero probability fragments
[2026-02-20 17:39:43.080] [jointLog] [info] Computed 98,523 rich equivalence classes for further processing
[2026-02-20 17:39:43.080] [jointLog] [info] Counted 4,441,993 total reads in the equivalence classes 
[2026-02-20 17:39:43.097] [jointLog] [info] Number of mappings discarded because of alignment score : 115,199
[2026-02-20 17:39:43.097] [jointLog] [info] Number of fragments entirely discarded because of alignment score : 19,672
[2026-02-20 17:39:43.097] [jointLog] [info] Number of fragments discarded because they are best-mapped to decoys : 0
[2026-02-20 17:39:43.097] [jointLog] [info] Number of fragments discarded because they have only dovetail (discordant) mappings to valid targets : 11,624
[2026-02-20 17:39:43.100] [jointLog] [warning] Only 4441993 fragments were mapped, but the number of burn-in fragments was set to 5000000.
The effective lengths have been computed using the observed mappings.

[2026-02-20 17:39:43.100] [jointLog] [info] Mapping rate = 95.9178%

[2026-02-20 17:39:43.100] [jointLog] [info] finished quantifyLibrary()
[2026-02-20 17:39:43.101] [jointLog] [info] Starting optimizer
[2026-02-20 17:39:43.121] [jointLog] [info] Marked 0 weighted equivalence classes as degenerate
[2026-02-20 17:39:43.125] [jointLog] [info] iteration = 0 | max rel diff. = 7279.83
[2026-02-20 17:39:43.163] [jointLog] [info] iteration 11, adjusting effective lengths to account for biases
[2026-02-20 17:39:57.859] [jointLog] [info] Computed expected counts (for bias correction)
[2026-02-20 17:39:57.859] [jointLog] [info] processed bias for 0.0% of the transcripts
[2026-02-20 17:39:58.589] [jointLog] [info] processed bias for 10.0% of the transcripts
[2026-02-20 17:39:59.274] [jointLog] [info] processed bias for 20.0% of the transcripts
[2026-02-20 17:40:00.009] [jointLog] [info] processed bias for 30.0% of the transcripts
[2026-02-20 17:40:00.748] [jointLog] [info] processed bias for 40.0% of the transcripts
[2026-02-20 17:40:01.482] [jointLog] [info] processed bias for 50.0% of the transcripts
[2026-02-20 17:40:02.183] [jointLog] [info] processed bias for 60.0% of the transcripts
[2026-02-20 17:40:02.926] [jointLog] [info] processed bias for 70.0% of the transcripts
[2026-02-20 17:40:03.626] [jointLog] [info] processed bias for 80.0% of the transcripts
[2026-02-20 17:40:04.342] [jointLog] [info] processed bias for 90.0% of the transcripts
[2026-02-20 17:40:05.069] [jointLog] [info] processed bias for 100.0% of the transcripts
[2026-02-20 17:40:05.079] [jointLog] [info] processed bias for 100.0% of the transcripts
[2026-02-20 17:40:05.424] [jointLog] [info] iteration = 100 | max rel diff. = 15.7615
[2026-02-20 17:40:05.800] [jointLog] [info] iteration = 200 | max rel diff. = 13.3398
[2026-02-20 17:40:06.176] [jointLog] [info] iteration = 300 | max rel diff. = 0.908035
[2026-02-20 17:40:06.552] [jointLog] [info] iteration = 400 | max rel diff. = 13.4441
[2026-02-20 17:40:06.928] [jointLog] [info] iteration = 500 | max rel diff. = 0.548966
[2026-02-20 17:40:07.304] [jointLog] [info] iteration = 600 | max rel diff. = 0.544586
[2026-02-20 17:40:07.679] [jointLog] [info] iteration = 700 | max rel diff. = 0.0630182
[2026-02-20 17:40:08.058] [jointLog] [info] iteration = 800 | max rel diff. = 0.15066
[2026-02-20 17:40:08.434] [jointLog] [info] iteration = 900 | max rel diff. = 0.0472776
[2026-02-20 17:40:08.546] [jointLog] [info] iteration = 931 | max rel diff. = 0.00880052
[2026-02-20 17:40:08.551] [jointLog] [info] Finished optimizer
[2026-02-20 17:40:08.551] [jointLog] [info] writing output 

